(__da,_da,t,crashed,actrState,lC,x,v,a,lane)
0:(0,0,0,false,1,false,0,30,0,1)
1:(0,0,1,false,1,false,30,30,1,1)
2:(0,0,1,false,1,true,30,30,1,1)
3:(0,0,1,false,2,false,30,30,1,1)
4:(0,0,2,false,1,false,60,31,1,1)
5:(0,0,2,false,1,true,60,31,1,1)
6:(0,0,2,false,2,false,60,31,1,1)
7:(0,0,3,false,1,false,91,32,1,1)
8:(0,0,3,false,1,true,91,32,1,1)
9:(0,0,3,false,2,false,91,32,1,1)
10:(0,0,4,false,1,false,123,33,0,1)
11:(0,0,4,false,1,true,123,33,0,1)
12:(0,0,4,false,2,false,123,33,0,1)
13:(0,0,4,true,2,false,123,33,0,1)
14:(0,0,5,false,1,false,156,33,0,1)
15:(0,0,5,false,1,true,156,33,0,1)
16:(0,0,5,false,2,false,156,33,0,1)
17:(0,0,5,true,2,false,156,33,0,1)
18:(0,0,6,false,1,false,189,33,0,1)
19:(0,0,6,false,1,true,189,33,0,1)
20:(0,0,6,false,2,false,189,33,0,1)
21:(0,0,6,true,2,false,189,33,0,1)
22:(0,0,7,false,1,false,202,30,0,2)
23:(0,0,7,false,2,false,202,30,0,2)
24:(0,0,7,true,2,false,222,33,0,1)
25:(0,0,8,false,1,false,232,30,0,2)
26:(0,0,8,false,1,false,234,31,0,2)
27:(0,0,8,false,2,false,232,30,0,2)
28:(0,0,8,false,2,false,234,31,0,2)
29:(0,0,9,false,1,false,262,30,0,2)
30:(0,0,9,false,1,false,265,31,0,2)
31:(0,0,9,false,1,false,267,32,0,2)
32:(0,0,9,false,2,false,262,30,0,2)
33:(0,0,9,false,2,false,265,31,0,2)
34:(0,0,9,false,2,false,267,32,0,2)
35:(0,0,10,false,1,false,292,30,0,2)
36:(0,0,10,false,1,false,296,31,0,2)
37:(0,0,10,false,1,false,299,32,0,2)
38:(0,0,10,false,1,false,303,33,0,2)
39:(0,0,10,false,1,true,292,30,0,2)
40:(0,0,10,false,1,true,296,31,0,2)
41:(0,0,10,false,1,true,299,32,0,2)
42:(0,0,10,false,1,true,303,33,0,2)
43:(0,0,10,false,2,false,292,30,0,2)
44:(0,0,10,false,2,false,296,31,0,2)
45:(0,0,10,false,2,false,299,32,0,2)
46:(0,0,10,false,2,false,303,33,0,2)
47:(0,0,10,true,2,false,292,30,0,2)
48:(0,0,10,true,2,false,296,31,0,2)
49:(0,0,10,true,2,false,299,32,0,2)
50:(0,0,10,true,2,false,303,33,0,2)
51:(0,0,11,false,1,false,322,30,0,2)
52:(0,0,11,false,1,false,327,31,0,2)
53:(0,0,11,false,1,false,331,32,0,2)
54:(0,0,11,false,1,false,336,33,0,2)
55:(0,0,11,false,1,true,322,30,0,2)
56:(0,0,11,false,1,true,327,31,0,2)
57:(0,0,11,false,1,true,331,32,0,2)
58:(0,0,11,false,1,true,336,33,0,2)
59:(0,0,11,false,2,false,322,30,0,2)
60:(0,0,11,false,2,false,327,31,0,2)
61:(0,0,11,false,2,false,331,32,0,2)
62:(0,0,11,false,2,false,336,33,0,2)
63:(0,0,11,true,2,false,322,30,0,2)
64:(0,0,11,true,2,false,327,31,0,2)
65:(0,0,12,false,1,false,352,30,0,2)
66:(0,0,12,false,1,false,358,31,0,2)
67:(0,0,12,false,1,false,363,32,0,2)
68:(0,0,12,false,1,false,369,33,0,2)
69:(0,0,12,false,1,true,352,30,0,2)
70:(0,0,12,false,1,true,358,31,0,2)
71:(0,0,12,false,1,true,363,32,0,2)
72:(0,0,12,false,1,true,369,33,0,2)
73:(0,0,12,false,2,false,352,30,0,2)
74:(0,0,12,false,2,false,358,31,0,2)
75:(0,0,12,false,2,false,363,32,0,2)
76:(0,0,12,false,2,false,369,33,0,2)
77:(0,0,12,true,2,false,352,30,0,2)
78:(0,0,12,true,2,false,358,31,0,2)
79:(0,0,13,false,1,false,382,30,0,2)
80:(0,0,13,false,1,false,389,31,0,2)
81:(0,0,13,false,1,false,395,32,0,2)
82:(0,0,13,false,1,false,402,33,0,2)
83:(0,0,13,false,1,true,382,30,0,2)
84:(0,0,13,false,1,true,389,31,0,2)
85:(0,0,13,false,1,true,395,32,0,2)
86:(0,0,13,false,1,true,402,33,0,2)
87:(0,0,13,false,2,false,382,30,0,2)
88:(0,0,13,false,2,false,389,31,0,2)
89:(0,0,13,false,2,false,395,32,0,2)
90:(0,0,13,false,2,false,402,33,0,2)
91:(0,0,14,false,1,false,412,30,0,2)
92:(0,0,14,false,1,false,420,31,0,2)
93:(0,0,14,false,1,false,427,32,0,2)
94:(0,0,14,false,1,false,435,33,0,2)
95:(0,0,14,false,1,true,412,30,0,2)
96:(0,0,14,false,1,true,420,31,0,2)
97:(0,0,14,false,1,true,427,32,0,2)
98:(0,0,14,false,1,true,435,33,0,2)
99:(0,0,14,false,2,false,412,30,0,2)
100:(0,0,14,false,2,false,420,31,0,2)
101:(0,0,14,false,2,false,427,32,0,2)
102:(0,0,14,false,2,false,435,33,0,2)
103:(0,0,15,false,1,false,442,30,0,2)
104:(0,0,15,false,1,false,451,31,0,2)
105:(0,0,15,false,1,false,459,32,0,2)
106:(0,0,15,false,1,false,468,33,0,2)
107:(0,0,15,false,1,true,442,30,0,2)
108:(0,0,15,false,1,true,451,31,0,2)
109:(0,0,15,false,1,true,459,32,0,2)
110:(0,0,15,false,1,true,468,33,0,2)
111:(0,0,15,false,2,false,442,30,0,2)
112:(0,0,15,false,2,false,451,31,0,2)
113:(0,0,15,false,2,false,459,32,0,2)
114:(0,0,15,false,2,false,468,33,0,2)
115:(0,0,16,false,1,false,463,31,0,1)
116:(0,0,16,false,1,false,464,30,0,1)
117:(0,0,16,false,1,false,464,32,0,1)
118:(0,0,16,false,1,false,466,33,0,1)
119:(0,0,16,false,1,false,472,30,0,2)
120:(0,0,16,false,1,false,482,31,0,2)
121:(0,0,16,false,1,false,491,32,0,2)
122:(0,0,16,false,1,true,472,30,0,2)
123:(0,0,16,false,1,true,482,31,0,2)
124:(0,0,16,false,1,true,491,32,0,2)
125:(0,0,16,false,2,false,463,31,0,1)
126:(0,0,16,false,2,false,464,30,0,1)
127:(0,0,16,false,2,false,464,32,0,1)
128:(0,0,16,false,2,false,466,33,0,1)
129:(0,0,16,false,2,false,472,30,0,2)
130:(0,0,16,false,2,false,482,31,0,2)
131:(0,0,16,false,2,false,491,32,0,2)
132:(0,0,17,false,1,false,486,30,0,1)
133:(0,0,17,false,1,false,487,31,0,1)
134:(0,0,17,false,1,false,488,32,0,1)
135:(0,0,17,false,1,false,493,33,0,1)
136:(0,0,17,false,1,false,494,30,0,1)
137:(0,0,17,false,1,false,494,31,0,1)
138:(0,0,17,false,1,false,496,32,0,1)
139:(0,0,17,false,1,false,499,33,0,1)
140:(0,0,17,false,2,false,486,30,0,1)
141:(0,0,17,false,2,false,487,31,0,1)
142:(0,0,17,false,2,false,488,32,0,1)
143:(0,0,17,false,2,false,493,33,0,1)
144:(0,0,17,false,2,false,494,30,0,1)
145:(0,0,17,false,2,false,494,31,0,1)
146:(0,0,17,false,2,false,496,32,0,1)
147:(0,0,17,false,2,false,499,33,0,1)
148:(1,0,17,false,2,false,500,30,0,2)
149:(1,0,17,false,2,false,500,31,0,2)
150:(1,0,17,false,2,false,500,32,0,2)
151:(1,0,18,false,2,false,500,30,0,1)
152:(1,0,18,false,2,false,500,31,0,1)
153:(1,0,18,false,2,false,500,32,0,1)
154:(1,0,18,false,2,false,500,33,0,1)
155:(1,0,19,false,2,false,500,30,0,1)
156:(1,0,19,false,2,false,500,31,0,1)
157:(1,0,19,false,2,false,500,32,0,1)
158:(1,0,19,false,2,false,500,33,0,1)
159:(1,0,20,false,2,false,500,30,0,1)
160:(1,0,20,false,2,false,500,31,0,1)
161:(1,0,20,false,2,false,500,32,0,1)
162:(1,0,20,false,2,false,500,33,0,1)
163:(1,0,21,false,2,false,500,30,0,1)
164:(1,0,21,false,2,false,500,31,0,1)
165:(1,0,21,false,2,false,500,32,0,1)
166:(1,0,21,false,2,false,500,33,0,1)
167:(1,0,22,false,2,false,500,30,0,1)
168:(1,0,22,false,2,false,500,31,0,1)
169:(1,0,22,false,2,false,500,32,0,1)
170:(1,1,16,false,2,false,500,33,0,2)
