(t,crashed,actrState,lC,x,v,a,lane)
0:(0,false,1,false,0,30,0,1)
1:(1,false,1,false,30,30,1,1)
2:(1,false,1,true,30,30,1,1)
3:(1,false,2,false,30,30,1,1)
4:(2,false,1,false,60,31,1,1)
5:(2,false,1,true,60,31,1,1)
6:(2,false,2,false,60,31,1,1)
7:(3,false,1,false,91,32,1,1)
8:(3,false,1,true,91,32,1,1)
9:(3,false,2,false,91,32,1,1)
10:(4,false,1,false,123,33,0,1)
11:(4,false,1,true,123,33,0,1)
12:(4,false,2,false,123,33,0,1)
13:(4,true,2,false,123,33,0,1)
14:(5,false,1,false,156,33,0,1)
15:(5,false,1,true,156,33,0,1)
16:(5,false,2,false,156,33,0,1)
17:(5,true,2,false,156,33,0,1)
18:(6,false,1,false,189,33,0,1)
19:(6,false,1,true,189,33,0,1)
20:(6,false,2,false,189,33,0,1)
21:(6,true,2,false,189,33,0,1)
22:(7,false,1,false,202,30,0,2)
23:(7,false,2,false,202,30,0,2)
24:(7,true,2,false,222,33,0,1)
25:(8,false,1,false,232,30,0,2)
26:(8,false,1,false,234,31,0,2)
27:(8,false,2,false,232,30,0,2)
28:(8,false,2,false,234,31,0,2)
29:(9,false,1,false,262,30,0,2)
30:(9,false,1,false,265,31,0,2)
31:(9,false,1,false,267,32,0,2)
32:(9,false,2,false,262,30,0,2)
33:(9,false,2,false,265,31,0,2)
34:(9,false,2,false,267,32,0,2)
35:(10,false,1,false,292,30,0,2)
36:(10,false,1,false,296,31,0,2)
37:(10,false,1,false,299,32,0,2)
38:(10,false,1,false,303,33,0,2)
39:(10,false,1,true,292,30,0,2)
40:(10,false,1,true,296,31,0,2)
41:(10,false,1,true,299,32,0,2)
42:(10,false,1,true,303,33,0,2)
43:(10,false,2,false,292,30,0,2)
44:(10,false,2,false,296,31,0,2)
45:(10,false,2,false,299,32,0,2)
46:(10,false,2,false,303,33,0,2)
47:(10,true,2,false,292,30,0,2)
48:(10,true,2,false,296,31,0,2)
49:(10,true,2,false,299,32,0,2)
50:(10,true,2,false,303,33,0,2)
51:(11,false,1,false,322,30,0,2)
52:(11,false,1,false,327,31,0,2)
53:(11,false,1,false,331,32,0,2)
54:(11,false,1,false,336,33,0,2)
55:(11,false,1,true,322,30,0,2)
56:(11,false,1,true,327,31,0,2)
57:(11,false,1,true,331,32,0,2)
58:(11,false,1,true,336,33,0,2)
59:(11,false,2,false,322,30,0,2)
60:(11,false,2,false,327,31,0,2)
61:(11,false,2,false,331,32,0,2)
62:(11,false,2,false,336,33,0,2)
63:(11,true,2,false,322,30,0,2)
64:(11,true,2,false,327,31,0,2)
65:(12,false,1,false,352,30,0,2)
66:(12,false,1,false,358,31,0,2)
67:(12,false,1,false,363,32,0,2)
68:(12,false,1,false,369,33,0,2)
69:(12,false,1,true,352,30,0,2)
70:(12,false,1,true,358,31,0,2)
71:(12,false,1,true,363,32,0,2)
72:(12,false,1,true,369,33,0,2)
73:(12,false,2,false,352,30,0,2)
74:(12,false,2,false,358,31,0,2)
75:(12,false,2,false,363,32,0,2)
76:(12,false,2,false,369,33,0,2)
77:(12,true,2,false,352,30,0,2)
78:(12,true,2,false,358,31,0,2)
79:(13,false,1,false,382,30,0,2)
80:(13,false,1,false,389,31,0,2)
81:(13,false,1,false,395,32,0,2)
82:(13,false,1,false,402,33,0,2)
83:(13,false,1,true,382,30,0,2)
84:(13,false,1,true,389,31,0,2)
85:(13,false,1,true,395,32,0,2)
86:(13,false,1,true,402,33,0,2)
87:(13,false,2,false,382,30,0,2)
88:(13,false,2,false,389,31,0,2)
89:(13,false,2,false,395,32,0,2)
90:(13,false,2,false,402,33,0,2)
91:(14,false,1,false,412,30,0,2)
92:(14,false,1,false,420,31,0,2)
93:(14,false,1,false,427,32,0,2)
94:(14,false,1,false,435,33,0,2)
95:(14,false,1,true,412,30,0,2)
96:(14,false,1,true,420,31,0,2)
97:(14,false,1,true,427,32,0,2)
98:(14,false,1,true,435,33,0,2)
99:(14,false,2,false,412,30,0,2)
100:(14,false,2,false,420,31,0,2)
101:(14,false,2,false,427,32,0,2)
102:(14,false,2,false,435,33,0,2)
103:(15,false,1,false,442,30,0,2)
104:(15,false,1,false,451,31,0,2)
105:(15,false,1,false,459,32,0,2)
106:(15,false,1,false,468,33,0,2)
107:(15,false,1,true,442,30,0,2)
108:(15,false,1,true,451,31,0,2)
109:(15,false,1,true,459,32,0,2)
110:(15,false,1,true,468,33,0,2)
111:(15,false,2,false,442,30,0,2)
112:(15,false,2,false,451,31,0,2)
113:(15,false,2,false,459,32,0,2)
114:(15,false,2,false,468,33,0,2)
115:(16,false,1,false,463,31,0,1)
116:(16,false,1,false,464,30,0,1)
117:(16,false,1,false,464,32,0,1)
118:(16,false,1,false,466,33,0,1)
119:(16,false,1,false,472,30,0,2)
120:(16,false,1,false,482,31,0,2)
121:(16,false,1,false,491,32,0,2)
122:(16,false,1,true,472,30,0,2)
123:(16,false,1,true,482,31,0,2)
124:(16,false,1,true,491,32,0,2)
125:(16,false,2,false,463,31,0,1)
126:(16,false,2,false,464,30,0,1)
127:(16,false,2,false,464,32,0,1)
128:(16,false,2,false,466,33,0,1)
129:(16,false,2,false,472,30,0,2)
130:(16,false,2,false,482,31,0,2)
131:(16,false,2,false,491,32,0,2)
132:(16,false,2,false,500,33,0,2)
133:(17,false,1,false,486,30,0,1)
134:(17,false,1,false,487,31,0,1)
135:(17,false,1,false,488,32,0,1)
136:(17,false,1,false,493,33,0,1)
137:(17,false,1,false,494,30,0,1)
138:(17,false,1,false,494,31,0,1)
139:(17,false,1,false,496,32,0,1)
140:(17,false,1,false,499,33,0,1)
141:(17,false,2,false,486,30,0,1)
142:(17,false,2,false,487,31,0,1)
143:(17,false,2,false,488,32,0,1)
144:(17,false,2,false,493,33,0,1)
145:(17,false,2,false,494,30,0,1)
146:(17,false,2,false,494,31,0,1)
147:(17,false,2,false,496,32,0,1)
148:(17,false,2,false,499,33,0,1)
149:(17,false,2,false,500,30,0,2)
150:(17,false,2,false,500,31,0,2)
151:(17,false,2,false,500,32,0,2)
152:(18,false,2,false,500,30,0,1)
153:(18,false,2,false,500,31,0,1)
154:(18,false,2,false,500,32,0,1)
155:(18,false,2,false,500,33,0,1)
156:(19,false,2,false,500,30,0,1)
157:(19,false,2,false,500,31,0,1)
158:(19,false,2,false,500,32,0,1)
159:(19,false,2,false,500,33,0,1)
160:(20,false,2,false,500,30,0,1)
161:(20,false,2,false,500,31,0,1)
162:(20,false,2,false,500,32,0,1)
163:(20,false,2,false,500,33,0,1)
164:(21,false,2,false,500,30,0,1)
165:(21,false,2,false,500,31,0,1)
166:(21,false,2,false,500,32,0,1)
167:(21,false,2,false,500,33,0,1)
168:(22,false,2,false,500,30,0,1)
169:(22,false,2,false,500,31,0,1)
170:(22,false,2,false,500,32,0,1)
