(__da,_da,t,crashed,actrState,lC,x,v,a,lane)
0:(0,0,0,false,1,false,0,20,0,1)
1:(0,0,1,false,1,false,20,20,3,1)
2:(0,0,1,false,1,true,20,20,3,1)
3:(0,0,1,false,2,false,20,20,3,1)
4:(0,0,2,false,1,false,40,23,3,1)
5:(0,0,2,false,1,true,40,23,3,1)
6:(0,0,2,false,2,false,40,23,3,1)
7:(0,0,3,false,1,false,63,26,3,1)
8:(0,0,3,false,1,true,63,26,3,1)
9:(0,0,3,false,2,false,63,26,3,1)
10:(0,0,4,false,1,false,89,29,2,1)
11:(0,0,4,false,1,true,89,29,2,1)
12:(0,0,4,false,2,false,89,29,2,1)
13:(0,0,5,false,1,false,118,31,2,1)
14:(0,0,5,false,1,true,118,31,2,1)
15:(0,0,5,false,2,false,118,31,2,1)
16:(0,0,6,false,1,false,149,33,1,1)
17:(0,0,6,false,1,true,149,33,1,1)
18:(0,0,6,false,2,false,149,33,1,1)
19:(0,0,6,true,2,false,149,33,1,1)
20:(0,0,7,false,1,false,163,26,0,2)
21:(0,0,7,false,1,false,182,34,0,1)
22:(0,0,7,false,1,true,182,34,0,1)
23:(0,0,7,false,2,false,163,26,0,2)
24:(0,0,7,false,2,false,182,34,0,1)
25:(0,0,7,true,2,false,182,34,0,1)
26:(0,0,8,false,1,false,189,26,0,2)
27:(0,0,8,false,1,false,198,27,0,2)
28:(0,0,8,false,2,false,189,26,0,2)
29:(0,0,8,false,2,false,198,27,0,2)
30:(0,0,8,true,2,false,216,34,0,1)
31:(0,0,9,false,1,false,215,26,0,2)
32:(0,0,9,false,1,false,225,27,0,2)
33:(0,0,9,false,1,false,228,27,0,2)
34:(0,0,9,false,2,false,215,26,0,2)
35:(0,0,9,false,2,false,225,27,0,2)
36:(0,0,9,false,2,false,228,27,0,2)
37:(0,0,10,false,1,false,241,26,0,2)
38:(0,0,10,false,1,false,252,27,0,2)
39:(0,0,10,false,1,false,255,27,0,2)
40:(0,0,10,false,1,false,261,29,0,2)
41:(0,0,10,false,1,true,255,27,0,2)
42:(0,0,10,false,1,true,261,29,0,2)
43:(0,0,10,false,2,false,241,26,0,2)
44:(0,0,10,false,2,false,252,27,0,2)
45:(0,0,10,false,2,false,255,27,0,2)
46:(0,0,10,false,2,false,261,29,0,2)
47:(0,0,11,false,1,false,267,26,0,2)
48:(0,0,11,false,1,false,279,27,0,2)
49:(0,0,11,false,1,false,282,27,0,2)
50:(0,0,11,false,1,false,290,29,0,2)
51:(0,0,11,false,1,false,292,31,0,2)
52:(0,0,11,false,1,true,279,27,0,2)
53:(0,0,11,false,1,true,282,27,0,2)
54:(0,0,11,false,1,true,290,29,0,2)
55:(0,0,11,false,1,true,292,31,0,2)
56:(0,0,11,false,2,false,267,26,0,2)
57:(0,0,11,false,2,false,279,27,0,2)
58:(0,0,11,false,2,false,282,27,0,2)
59:(0,0,11,false,2,false,290,29,0,2)
60:(0,0,11,false,2,false,292,31,0,2)
61:(0,0,12,false,1,false,293,26,0,2)
62:(0,0,12,false,1,false,306,27,0,2)
63:(0,0,12,false,1,false,309,27,0,2)
64:(0,0,12,false,1,false,319,29,0,2)
65:(0,0,12,false,1,false,323,31,0,2)
66:(0,0,12,false,1,false,328,33,0,2)
67:(0,0,12,false,1,true,293,26,0,2)
68:(0,0,12,false,1,true,306,27,0,2)
69:(0,0,12,false,1,true,309,27,0,2)
70:(0,0,12,false,1,true,319,29,0,2)
71:(0,0,12,false,1,true,323,31,0,2)
72:(0,0,12,false,1,true,328,33,0,2)
73:(0,0,12,false,2,false,293,26,0,2)
74:(0,0,12,false,2,false,306,27,0,2)
75:(0,0,12,false,2,false,309,27,0,2)
76:(0,0,12,false,2,false,319,29,0,2)
77:(0,0,12,false,2,false,323,31,0,2)
78:(0,0,12,false,2,false,328,33,0,2)
79:(0,0,12,true,2,false,293,26,0,2)
80:(0,0,13,false,1,false,319,26,0,2)
81:(0,0,13,false,1,false,333,27,0,2)
82:(0,0,13,false,1,false,336,27,0,2)
83:(0,0,13,false,1,false,348,29,0,2)
84:(0,0,13,false,1,false,354,31,0,2)
85:(0,0,13,false,1,false,361,33,0,2)
86:(0,0,13,false,1,true,319,26,0,2)
87:(0,0,13,false,1,true,333,27,0,2)
88:(0,0,13,false,1,true,336,27,0,2)
89:(0,0,13,false,1,true,348,29,0,2)
90:(0,0,13,false,1,true,354,31,0,2)
91:(0,0,13,false,1,true,361,33,0,2)
92:(0,0,13,false,2,false,319,26,0,2)
93:(0,0,13,false,2,false,333,27,0,2)
94:(0,0,13,false,2,false,336,27,0,2)
95:(0,0,13,false,2,false,348,29,0,2)
96:(0,0,13,false,2,false,354,31,0,2)
97:(0,0,13,false,2,false,361,33,0,2)
98:(0,0,14,false,1,false,345,26,0,2)
99:(0,0,14,false,1,false,360,27,0,2)
100:(0,0,14,false,1,false,363,27,0,2)
101:(0,0,14,false,1,false,377,29,0,2)
102:(0,0,14,false,1,false,385,31,0,2)
103:(0,0,14,false,1,false,394,33,0,2)
104:(0,0,14,false,1,true,345,26,0,2)
105:(0,0,14,false,1,true,360,27,0,2)
106:(0,0,14,false,1,true,363,27,0,2)
107:(0,0,14,false,1,true,377,29,0,2)
108:(0,0,14,false,1,true,385,31,0,2)
109:(0,0,14,false,1,true,394,33,0,2)
110:(0,0,14,false,2,false,345,26,0,2)
111:(0,0,14,false,2,false,360,27,0,2)
112:(0,0,14,false,2,false,363,27,0,2)
113:(0,0,14,false,2,false,377,29,0,2)
114:(0,0,14,false,2,false,385,31,0,2)
115:(0,0,14,false,2,false,394,33,0,2)
116:(0,0,15,false,1,false,371,26,0,2)
117:(0,0,15,false,1,false,387,27,0,2)
118:(0,0,15,false,1,false,390,27,0,2)
119:(0,0,15,false,1,false,406,29,0,2)
120:(0,0,15,false,1,false,416,31,0,2)
121:(0,0,15,false,1,false,427,33,0,2)
122:(0,0,15,false,1,true,371,26,0,2)
123:(0,0,15,false,1,true,387,27,0,2)
124:(0,0,15,false,1,true,390,27,0,2)
125:(0,0,15,false,1,true,406,29,0,2)
126:(0,0,15,false,1,true,416,31,0,2)
127:(0,0,15,false,1,true,427,33,0,2)
128:(0,0,15,false,2,false,371,26,0,2)
129:(0,0,15,false,2,false,387,27,0,2)
130:(0,0,15,false,2,false,390,27,0,2)
131:(0,0,15,false,2,false,406,29,0,2)
132:(0,0,15,false,2,false,416,31,0,2)
133:(0,0,15,false,2,false,427,33,0,2)
134:(0,0,16,false,1,false,397,26,0,2)
135:(0,0,16,false,1,false,414,27,0,2)
136:(0,0,16,false,1,false,417,27,0,2)
137:(0,0,16,false,1,false,422,28,0,1)
138:(0,0,16,false,1,false,423,29,0,1)
139:(0,0,16,false,1,false,435,29,0,2)
140:(0,0,16,false,1,false,447,31,0,2)
141:(0,0,16,false,1,false,460,33,0,2)
142:(0,0,16,false,1,true,397,26,0,2)
143:(0,0,16,false,1,true,414,27,0,2)
144:(0,0,16,false,1,true,417,27,0,2)
145:(0,0,16,false,1,true,435,29,0,2)
146:(0,0,16,false,1,true,447,31,0,2)
147:(0,0,16,false,1,true,460,33,0,2)
148:(0,0,16,false,2,false,397,26,0,2)
149:(0,0,16,false,2,false,414,27,0,2)
150:(0,0,16,false,2,false,417,27,0,2)
151:(0,0,16,false,2,false,422,28,0,1)
152:(0,0,16,false,2,false,423,29,0,1)
153:(0,0,16,false,2,false,435,29,0,2)
154:(0,0,16,false,2,false,447,31,0,2)
155:(0,0,16,false,2,false,460,33,0,2)
156:(0,0,17,false,1,false,423,26,0,2)
157:(0,0,17,false,1,false,438,27,0,1)
158:(0,0,17,false,1,false,440,28,0,1)
159:(0,0,17,false,1,false,441,27,0,2)
160:(0,0,17,false,1,false,441,29,0,1)
161:(0,0,17,false,1,false,444,27,0,2)
162:(0,0,17,false,1,false,444,31,0,1)
163:(0,0,17,false,1,false,450,28,0,1)
164:(0,0,17,false,1,false,452,29,0,1)
165:(0,0,17,false,1,false,464,29,0,2)
166:(0,0,17,false,1,false,478,31,0,2)
167:(0,0,17,false,1,false,493,33,0,2)
168:(0,0,17,false,1,true,423,26,0,2)
169:(0,0,17,false,1,true,441,27,0,2)
170:(0,0,17,false,1,true,444,27,0,2)
171:(0,0,17,false,1,true,464,29,0,2)
172:(0,0,17,false,1,true,478,31,0,2)
173:(0,0,17,false,1,true,493,33,0,2)
174:(0,0,17,false,2,false,423,26,0,2)
175:(0,0,17,false,2,false,438,27,0,1)
176:(0,0,17,false,2,false,440,28,0,1)
177:(0,0,17,false,2,false,441,27,0,2)
178:(0,0,17,false,2,false,441,29,0,1)
179:(0,0,17,false,2,false,444,27,0,2)
180:(0,0,17,false,2,false,444,31,0,1)
181:(0,0,17,false,2,false,450,28,0,1)
182:(0,0,17,false,2,false,452,29,0,1)
183:(0,0,17,false,2,false,464,29,0,2)
184:(0,0,17,false,2,false,478,31,0,2)
185:(0,0,17,false,2,false,493,33,0,2)
186:(0,0,18,false,1,false,449,26,0,2)
187:(0,0,18,false,1,false,456,27,0,1)
188:(0,0,18,false,1,false,457,27,0,1)
189:(0,0,18,false,1,false,458,27,0,1)
190:(0,0,18,false,1,false,460,29,0,1)
191:(0,0,18,false,1,false,463,31,0,1)
192:(0,0,18,false,1,false,465,27,0,1)
193:(0,0,18,false,1,false,466,33,0,1)
194:(0,0,18,false,1,false,468,27,0,2)
195:(0,0,18,false,1,false,468,28,0,1)
196:(0,0,18,false,1,false,470,29,0,1)
197:(0,0,18,false,1,false,471,27,0,2)
198:(0,0,18,false,1,false,475,31,0,1)
199:(0,0,18,false,1,false,478,28,0,1)
200:(0,0,18,false,1,false,481,29,0,1)
201:(0,0,18,false,1,false,493,29,0,2)
202:(0,0,18,false,1,true,449,26,0,2)
203:(0,0,18,false,1,true,468,27,0,2)
204:(0,0,18,false,1,true,471,27,0,2)
205:(0,0,18,false,1,true,493,29,0,2)
206:(0,0,18,false,2,false,449,26,0,2)
207:(0,0,18,false,2,false,456,27,0,1)
208:(0,0,18,false,2,false,457,27,0,1)
209:(0,0,18,false,2,false,458,27,0,1)
210:(0,0,18,false,2,false,460,29,0,1)
211:(0,0,18,false,2,false,463,31,0,1)
212:(0,0,18,false,2,false,465,27,0,1)
213:(0,0,18,false,2,false,466,33,0,1)
214:(0,0,18,false,2,false,468,27,0,2)
215:(0,0,18,false,2,false,468,28,0,1)
216:(0,0,18,false,2,false,470,29,0,1)
217:(0,0,18,false,2,false,471,27,0,2)
218:(0,0,18,false,2,false,475,31,0,1)
219:(0,0,18,false,2,false,478,28,0,1)
220:(0,0,18,false,2,false,481,29,0,1)
221:(0,0,18,false,2,false,493,29,0,2)
222:(0,0,19,false,1,false,473,27,0,1)
223:(0,0,19,false,1,false,475,26,0,2)
224:(0,0,19,false,1,false,475,27,0,1)
225:(0,0,19,false,1,false,476,27,0,1)
226:(0,0,19,false,1,false,478,29,0,1)
227:(0,0,19,false,1,false,483,27,0,1)
228:(0,0,19,false,1,false,484,27,0,1)
229:(0,0,19,false,1,false,484,31,0,1)
230:(0,0,19,false,1,false,485,27,0,1)
231:(0,0,19,false,1,false,489,29,0,1)
232:(0,0,19,false,1,false,492,27,0,1)
233:(0,0,19,false,1,false,494,31,0,1)
234:(0,0,19,false,1,false,494,33,0,1)
235:(0,0,19,false,1,false,495,27,0,2)
236:(0,0,19,false,1,false,496,28,0,1)
237:(0,0,19,false,1,false,498,27,0,2)
238:(0,0,19,false,1,false,499,29,0,1)
239:(0,0,19,false,1,false,499,33,0,1)
240:(0,0,19,false,1,true,475,26,0,2)
241:(0,0,19,false,1,true,495,27,0,2)
242:(0,0,19,false,1,true,498,27,0,2)
243:(0,0,19,false,2,false,473,27,0,1)
244:(0,0,19,false,2,false,475,26,0,2)
245:(0,0,19,false,2,false,475,27,0,1)
246:(0,0,19,false,2,false,476,27,0,1)
247:(0,0,19,false,2,false,478,29,0,1)
248:(0,0,19,false,2,false,483,27,0,1)
249:(0,0,19,false,2,false,484,27,0,1)
250:(0,0,19,false,2,false,484,31,0,1)
251:(0,0,19,false,2,false,485,27,0,1)
252:(0,0,19,false,2,false,489,29,0,1)
253:(0,0,19,false,2,false,492,27,0,1)
254:(0,0,19,false,2,false,494,31,0,1)
255:(0,0,19,false,2,false,494,33,0,1)
256:(0,0,19,false,2,false,495,27,0,2)
257:(0,0,19,false,2,false,496,28,0,1)
258:(0,0,19,false,2,false,498,27,0,2)
259:(0,0,19,false,2,false,499,29,0,1)
260:(0,0,19,false,2,false,499,33,0,1)
261:(0,0,20,false,1,false,491,27,0,1)
262:(0,0,20,false,1,false,493,28,0,1)
263:(0,0,20,false,1,false,494,27,0,1)
264:(0,0,20,false,2,false,491,27,0,1)
265:(0,0,20,false,2,false,493,28,0,1)
266:(0,0,20,false,2,false,494,27,0,1)
267:(1,0,19,false,2,false,500,28,0,1)
268:(1,0,19,false,2,false,500,29,0,1)
269:(1,0,19,false,2,false,500,29,0,2)
270:(1,0,19,false,2,false,500,31,0,1)
271:(1,0,20,false,2,false,500,26,0,2)
272:(1,0,20,false,2,false,500,27,0,1)
273:(1,0,20,false,2,false,500,27,0,2)
274:(1,0,20,false,2,false,500,28,0,1)
275:(1,0,20,false,2,false,500,29,0,1)
276:(1,0,20,false,2,false,500,31,0,1)
277:(1,0,20,false,2,false,500,33,0,1)
278:(1,0,21,false,2,false,500,27,0,1)
279:(1,0,21,false,2,false,500,28,0,1)
280:(1,0,21,false,2,false,500,29,0,1)
281:(1,0,21,false,2,false,500,31,0,1)
282:(1,0,21,false,2,false,500,33,0,1)
283:(1,0,22,false,2,false,500,27,0,1)
284:(1,0,22,false,2,false,500,29,0,1)
285:(1,0,22,false,2,false,500,31,0,1)
286:(1,0,22,false,2,false,500,33,0,1)
287:(1,0,23,false,2,false,500,27,0,1)
288:(1,0,23,false,2,false,500,29,0,1)
289:(1,0,23,false,2,false,500,31,0,1)
290:(1,0,23,false,2,false,500,33,0,1)
291:(1,0,24,false,2,false,500,27,0,1)
292:(1,0,24,false,2,false,500,29,0,1)
293:(1,0,25,false,2,false,500,27,0,1)
294:(1,1,18,false,2,false,500,31,0,2)
295:(1,1,18,false,2,false,500,33,0,2)
