(___da,__da,_da,t,crashed,actrState,lC,x,v,a,lane)
0:(1,0,0,6,true,2,false,149,33,1,1)
1:(1,0,0,7,true,2,false,182,34,0,1)
2:(1,0,0,8,true,2,false,216,34,0,1)
3:(1,0,0,12,true,2,false,293,26,0,2)
4:(2,0,0,0,false,1,false,0,20,0,1)
5:(2,0,0,1,false,1,false,20,20,3,1)
6:(2,0,0,1,false,1,true,20,20,3,1)
7:(2,0,0,1,false,2,false,20,20,3,1)
8:(2,0,0,2,false,1,false,40,23,3,1)
9:(2,0,0,2,false,1,true,40,23,3,1)
10:(2,0,0,2,false,2,false,40,23,3,1)
11:(2,0,0,3,false,1,false,63,26,3,1)
12:(2,0,0,3,false,1,true,63,26,3,1)
13:(2,0,0,3,false,2,false,63,26,3,1)
14:(2,0,0,4,false,1,false,89,29,2,1)
15:(2,0,0,4,false,1,true,89,29,2,1)
16:(2,0,0,4,false,2,false,89,29,2,1)
17:(2,0,0,5,false,1,false,118,31,2,1)
18:(2,0,0,5,false,1,true,118,31,2,1)
19:(2,0,0,5,false,2,false,118,31,2,1)
20:(2,0,0,6,false,1,false,149,33,1,1)
21:(2,0,0,6,false,1,true,149,33,1,1)
22:(2,0,0,6,false,2,false,149,33,1,1)
23:(2,0,0,7,false,1,false,163,26,0,2)
24:(2,0,0,7,false,1,false,182,34,0,1)
25:(2,0,0,7,false,1,true,182,34,0,1)
26:(2,0,0,7,false,2,false,163,26,0,2)
27:(2,0,0,7,false,2,false,182,34,0,1)
28:(2,0,0,8,false,1,false,189,26,0,2)
29:(2,0,0,8,false,1,false,198,27,0,2)
30:(2,0,0,8,false,2,false,189,26,0,2)
31:(2,0,0,8,false,2,false,198,27,0,2)
32:(2,0,0,9,false,1,false,215,26,0,2)
33:(2,0,0,9,false,1,false,225,27,0,2)
34:(2,0,0,9,false,1,false,228,27,0,2)
35:(2,0,0,9,false,2,false,215,26,0,2)
36:(2,0,0,9,false,2,false,225,27,0,2)
37:(2,0,0,9,false,2,false,228,27,0,2)
38:(2,0,0,10,false,1,false,241,26,0,2)
39:(2,0,0,10,false,1,false,252,27,0,2)
40:(2,0,0,10,false,1,false,255,27,0,2)
41:(2,0,0,10,false,1,false,261,29,0,2)
42:(2,0,0,10,false,1,true,255,27,0,2)
43:(2,0,0,10,false,1,true,261,29,0,2)
44:(2,0,0,10,false,2,false,241,26,0,2)
45:(2,0,0,10,false,2,false,252,27,0,2)
46:(2,0,0,10,false,2,false,255,27,0,2)
47:(2,0,0,10,false,2,false,261,29,0,2)
48:(2,0,0,11,false,1,false,267,26,0,2)
49:(2,0,0,11,false,1,false,279,27,0,2)
50:(2,0,0,11,false,1,false,282,27,0,2)
51:(2,0,0,11,false,1,false,290,29,0,2)
52:(2,0,0,11,false,1,false,292,31,0,2)
53:(2,0,0,11,false,1,true,279,27,0,2)
54:(2,0,0,11,false,1,true,282,27,0,2)
55:(2,0,0,11,false,1,true,290,29,0,2)
56:(2,0,0,11,false,1,true,292,31,0,2)
57:(2,0,0,11,false,2,false,267,26,0,2)
58:(2,0,0,11,false,2,false,279,27,0,2)
59:(2,0,0,11,false,2,false,282,27,0,2)
60:(2,0,0,11,false,2,false,290,29,0,2)
61:(2,0,0,11,false,2,false,292,31,0,2)
62:(2,0,0,12,false,1,false,293,26,0,2)
63:(2,0,0,12,false,1,false,306,27,0,2)
64:(2,0,0,12,false,1,false,309,27,0,2)
65:(2,0,0,12,false,1,false,319,29,0,2)
66:(2,0,0,12,false,1,false,323,31,0,2)
67:(2,0,0,12,false,1,false,328,33,0,2)
68:(2,0,0,12,false,1,true,293,26,0,2)
69:(2,0,0,12,false,1,true,306,27,0,2)
70:(2,0,0,12,false,1,true,309,27,0,2)
71:(2,0,0,12,false,1,true,319,29,0,2)
72:(2,0,0,12,false,1,true,323,31,0,2)
73:(2,0,0,12,false,1,true,328,33,0,2)
74:(2,0,0,12,false,2,false,293,26,0,2)
75:(2,0,0,12,false,2,false,306,27,0,2)
76:(2,0,0,12,false,2,false,309,27,0,2)
77:(2,0,0,12,false,2,false,319,29,0,2)
78:(2,0,0,12,false,2,false,323,31,0,2)
79:(2,0,0,12,false,2,false,328,33,0,2)
80:(2,0,0,13,false,1,false,319,26,0,2)
81:(2,0,0,13,false,1,false,333,27,0,2)
82:(2,0,0,13,false,1,false,336,27,0,2)
83:(2,0,0,13,false,1,false,348,29,0,2)
84:(2,0,0,13,false,1,false,354,31,0,2)
85:(2,0,0,13,false,1,false,361,33,0,2)
86:(2,0,0,13,false,1,true,319,26,0,2)
87:(2,0,0,13,false,1,true,333,27,0,2)
88:(2,0,0,13,false,1,true,336,27,0,2)
89:(2,0,0,13,false,1,true,348,29,0,2)
90:(2,0,0,13,false,1,true,354,31,0,2)
91:(2,0,0,13,false,1,true,361,33,0,2)
92:(2,0,0,13,false,2,false,319,26,0,2)
93:(2,0,0,13,false,2,false,333,27,0,2)
94:(2,0,0,13,false,2,false,336,27,0,2)
95:(2,0,0,13,false,2,false,348,29,0,2)
96:(2,0,0,13,false,2,false,354,31,0,2)
97:(2,0,0,13,false,2,false,361,33,0,2)
98:(2,0,0,14,false,1,false,345,26,0,2)
99:(2,0,0,14,false,1,false,360,27,0,2)
100:(2,0,0,14,false,1,false,363,27,0,2)
101:(2,0,0,14,false,1,false,377,29,0,2)
102:(2,0,0,14,false,1,false,385,31,0,2)
103:(2,0,0,14,false,1,false,394,33,0,2)
104:(2,0,0,14,false,1,true,345,26,0,2)
105:(2,0,0,14,false,1,true,360,27,0,2)
106:(2,0,0,14,false,1,true,363,27,0,2)
107:(2,0,0,14,false,1,true,377,29,0,2)
108:(2,0,0,14,false,1,true,385,31,0,2)
109:(2,0,0,14,false,1,true,394,33,0,2)
110:(2,0,0,14,false,2,false,345,26,0,2)
111:(2,0,0,14,false,2,false,360,27,0,2)
112:(2,0,0,14,false,2,false,363,27,0,2)
113:(2,0,0,14,false,2,false,377,29,0,2)
114:(2,0,0,14,false,2,false,385,31,0,2)
115:(2,0,0,14,false,2,false,394,33,0,2)
116:(2,0,0,15,false,1,false,371,26,0,2)
117:(2,0,0,15,false,1,false,387,27,0,2)
118:(2,0,0,15,false,1,false,390,27,0,2)
119:(2,0,0,15,false,1,false,406,29,0,2)
120:(2,0,0,15,false,1,false,416,31,0,2)
121:(2,0,0,15,false,1,false,427,33,0,2)
122:(2,0,0,15,false,1,true,371,26,0,2)
123:(2,0,0,15,false,1,true,387,27,0,2)
124:(2,0,0,15,false,1,true,390,27,0,2)
125:(2,0,0,15,false,1,true,406,29,0,2)
126:(2,0,0,15,false,1,true,416,31,0,2)
127:(2,0,0,15,false,1,true,427,33,0,2)
128:(2,0,0,15,false,2,false,371,26,0,2)
129:(2,0,0,15,false,2,false,387,27,0,2)
130:(2,0,0,15,false,2,false,390,27,0,2)
131:(2,0,0,15,false,2,false,406,29,0,2)
132:(2,0,0,15,false,2,false,416,31,0,2)
133:(2,0,0,15,false,2,false,427,33,0,2)
134:(2,0,0,16,false,1,false,397,26,0,2)
135:(2,0,0,16,false,1,false,414,27,0,2)
136:(2,0,0,16,false,1,false,417,27,0,2)
137:(2,0,0,16,false,1,false,422,28,0,1)
138:(2,0,0,16,false,1,false,423,29,0,1)
139:(2,0,0,16,false,1,false,435,29,0,2)
140:(2,0,0,16,false,1,false,447,31,0,2)
141:(2,0,0,16,false,1,false,460,33,0,2)
142:(2,0,0,16,false,1,true,397,26,0,2)
143:(2,0,0,16,false,1,true,414,27,0,2)
144:(2,0,0,16,false,1,true,417,27,0,2)
145:(2,0,0,16,false,1,true,435,29,0,2)
146:(2,0,0,16,false,1,true,447,31,0,2)
147:(2,0,0,16,false,1,true,460,33,0,2)
148:(2,0,0,16,false,2,false,397,26,0,2)
149:(2,0,0,16,false,2,false,414,27,0,2)
150:(2,0,0,16,false,2,false,417,27,0,2)
151:(2,0,0,16,false,2,false,422,28,0,1)
152:(2,0,0,16,false,2,false,423,29,0,1)
153:(2,0,0,16,false,2,false,435,29,0,2)
154:(2,0,0,16,false,2,false,447,31,0,2)
155:(2,0,0,16,false,2,false,460,33,0,2)
156:(2,0,0,17,false,1,false,423,26,0,2)
157:(2,0,0,17,false,1,false,438,27,0,1)
158:(2,0,0,17,false,1,false,440,28,0,1)
159:(2,0,0,17,false,1,false,441,27,0,2)
160:(2,0,0,17,false,1,false,441,29,0,1)
161:(2,0,0,17,false,1,false,444,27,0,2)
162:(2,0,0,17,false,1,false,444,31,0,1)
163:(2,0,0,17,false,1,false,450,28,0,1)
164:(2,0,0,17,false,1,false,452,29,0,1)
165:(2,0,0,17,false,1,false,464,29,0,2)
166:(2,0,0,17,false,1,false,478,31,0,2)
167:(2,0,0,17,false,1,false,493,33,0,2)
168:(2,0,0,17,false,1,true,423,26,0,2)
169:(2,0,0,17,false,1,true,441,27,0,2)
170:(2,0,0,17,false,1,true,444,27,0,2)
171:(2,0,0,17,false,1,true,464,29,0,2)
172:(2,0,0,17,false,1,true,478,31,0,2)
173:(2,0,0,17,false,1,true,493,33,0,2)
174:(2,0,0,17,false,2,false,423,26,0,2)
175:(2,0,0,17,false,2,false,438,27,0,1)
176:(2,0,0,17,false,2,false,440,28,0,1)
177:(2,0,0,17,false,2,false,441,27,0,2)
178:(2,0,0,17,false,2,false,441,29,0,1)
179:(2,0,0,17,false,2,false,444,27,0,2)
180:(2,0,0,17,false,2,false,444,31,0,1)
181:(2,0,0,17,false,2,false,450,28,0,1)
182:(2,0,0,17,false,2,false,452,29,0,1)
183:(2,0,0,17,false,2,false,464,29,0,2)
184:(2,0,0,17,false,2,false,478,31,0,2)
185:(2,0,0,17,false,2,false,493,33,0,2)
186:(2,0,0,18,false,1,false,449,26,0,2)
187:(2,0,0,18,false,1,false,456,27,0,1)
188:(2,0,0,18,false,1,false,457,27,0,1)
189:(2,0,0,18,false,1,false,458,27,0,1)
190:(2,0,0,18,false,1,false,460,29,0,1)
191:(2,0,0,18,false,1,false,463,31,0,1)
192:(2,0,0,18,false,1,false,465,27,0,1)
193:(2,0,0,18,false,1,false,466,33,0,1)
194:(2,0,0,18,false,1,false,468,27,0,2)
195:(2,0,0,18,false,1,false,468,28,0,1)
196:(2,0,0,18,false,1,false,470,29,0,1)
197:(2,0,0,18,false,1,false,471,27,0,2)
198:(2,0,0,18,false,1,false,475,31,0,1)
199:(2,0,0,18,false,1,false,478,28,0,1)
200:(2,0,0,18,false,1,false,481,29,0,1)
201:(2,0,0,18,false,1,false,493,29,0,2)
202:(2,0,0,18,false,1,true,449,26,0,2)
203:(2,0,0,18,false,1,true,468,27,0,2)
204:(2,0,0,18,false,1,true,471,27,0,2)
205:(2,0,0,18,false,1,true,493,29,0,2)
206:(2,0,0,18,false,2,false,449,26,0,2)
207:(2,0,0,18,false,2,false,456,27,0,1)
208:(2,0,0,18,false,2,false,457,27,0,1)
209:(2,0,0,18,false,2,false,458,27,0,1)
210:(2,0,0,18,false,2,false,460,29,0,1)
211:(2,0,0,18,false,2,false,463,31,0,1)
212:(2,0,0,18,false,2,false,465,27,0,1)
213:(2,0,0,18,false,2,false,466,33,0,1)
214:(2,0,0,18,false,2,false,468,27,0,2)
215:(2,0,0,18,false,2,false,468,28,0,1)
216:(2,0,0,18,false,2,false,470,29,0,1)
217:(2,0,0,18,false,2,false,471,27,0,2)
218:(2,0,0,18,false,2,false,475,31,0,1)
219:(2,0,0,18,false,2,false,478,28,0,1)
220:(2,0,0,18,false,2,false,481,29,0,1)
221:(2,0,0,18,false,2,false,493,29,0,2)
222:(2,0,0,19,false,1,false,473,27,0,1)
223:(2,0,0,19,false,1,false,475,26,0,2)
224:(2,0,0,19,false,1,false,475,27,0,1)
225:(2,0,0,19,false,1,false,476,27,0,1)
226:(2,0,0,19,false,1,false,478,29,0,1)
227:(2,0,0,19,false,1,false,483,27,0,1)
228:(2,0,0,19,false,1,false,484,27,0,1)
229:(2,0,0,19,false,1,false,484,31,0,1)
230:(2,0,0,19,false,1,false,485,27,0,1)
231:(2,0,0,19,false,1,false,489,29,0,1)
232:(2,0,0,19,false,1,false,492,27,0,1)
233:(2,0,0,19,false,1,false,494,31,0,1)
234:(2,0,0,19,false,1,false,494,33,0,1)
235:(2,0,0,19,false,1,false,495,27,0,2)
236:(2,0,0,19,false,1,false,496,28,0,1)
237:(2,0,0,19,false,1,false,498,27,0,2)
238:(2,0,0,19,false,1,false,499,29,0,1)
239:(2,0,0,19,false,1,false,499,33,0,1)
240:(2,0,0,19,false,1,true,475,26,0,2)
241:(2,0,0,19,false,1,true,495,27,0,2)
242:(2,0,0,19,false,1,true,498,27,0,2)
243:(2,0,0,19,false,2,false,473,27,0,1)
244:(2,0,0,19,false,2,false,475,26,0,2)
245:(2,0,0,19,false,2,false,475,27,0,1)
246:(2,0,0,19,false,2,false,476,27,0,1)
247:(2,0,0,19,false,2,false,478,29,0,1)
248:(2,0,0,19,false,2,false,483,27,0,1)
249:(2,0,0,19,false,2,false,484,27,0,1)
250:(2,0,0,19,false,2,false,484,31,0,1)
251:(2,0,0,19,false,2,false,485,27,0,1)
252:(2,0,0,19,false,2,false,489,29,0,1)
253:(2,0,0,19,false,2,false,492,27,0,1)
254:(2,0,0,19,false,2,false,494,31,0,1)
255:(2,0,0,19,false,2,false,494,33,0,1)
256:(2,0,0,19,false,2,false,495,27,0,2)
257:(2,0,0,19,false,2,false,496,28,0,1)
258:(2,0,0,19,false,2,false,498,27,0,2)
259:(2,0,0,19,false,2,false,499,29,0,1)
260:(2,0,0,19,false,2,false,499,33,0,1)
261:(2,0,0,19,false,2,false,500,29,0,2)
262:(2,0,0,20,false,1,false,491,27,0,1)
263:(2,0,0,20,false,1,false,493,28,0,1)
264:(2,0,0,20,false,1,false,494,27,0,1)
265:(2,0,0,20,false,2,false,491,27,0,1)
266:(2,0,0,20,false,2,false,493,28,0,1)
267:(2,0,0,20,false,2,false,494,27,0,1)
268:(2,0,0,20,false,2,false,500,26,0,2)
269:(2,0,0,20,false,2,false,500,27,0,2)
270:(2,0,1,19,false,2,false,500,28,0,1)
271:(2,0,1,19,false,2,false,500,29,0,1)
272:(2,0,1,19,false,2,false,500,31,0,1)
273:(2,0,1,20,false,2,false,500,27,0,1)
274:(2,0,1,20,false,2,false,500,28,0,1)
275:(2,0,1,20,false,2,false,500,29,0,1)
276:(2,0,1,20,false,2,false,500,31,0,1)
277:(2,0,1,20,false,2,false,500,33,0,1)
278:(2,0,1,21,false,2,false,500,27,0,1)
279:(2,0,1,21,false,2,false,500,28,0,1)
280:(2,0,1,21,false,2,false,500,29,0,1)
281:(2,0,1,21,false,2,false,500,31,0,1)
282:(2,0,1,21,false,2,false,500,33,0,1)
283:(2,0,1,22,false,2,false,500,27,0,1)
284:(2,0,1,22,false,2,false,500,29,0,1)
285:(2,0,1,22,false,2,false,500,31,0,1)
286:(2,0,1,22,false,2,false,500,33,0,1)
287:(2,0,1,23,false,2,false,500,27,0,1)
288:(2,0,1,23,false,2,false,500,29,0,1)
289:(2,0,1,23,false,2,false,500,31,0,1)
290:(2,0,1,23,false,2,false,500,33,0,1)
291:(2,0,1,24,false,2,false,500,27,0,1)
292:(2,0,1,24,false,2,false,500,29,0,1)
293:(2,0,1,25,false,2,false,500,27,0,1)
294:(2,1,0,18,false,2,false,500,31,0,2)
295:(2,1,0,18,false,2,false,500,33,0,2)
