(t,crashed,actrState,lC,x,v,a,lane)
0:(0,false,1,false,0,20,0,1)
1:(1,false,1,false,20,20,3,1)
2:(1,false,1,true,20,20,3,1)
3:(1,false,2,false,20,20,3,1)
4:(2,false,1,false,40,23,3,1)
5:(2,false,1,true,40,23,3,1)
6:(2,false,2,false,40,23,3,1)
7:(3,false,1,false,63,26,3,1)
8:(3,false,1,true,63,26,3,1)
9:(3,false,2,false,63,26,3,1)
10:(4,false,1,false,89,29,2,1)
11:(4,false,1,true,89,29,2,1)
12:(4,false,2,false,89,29,2,1)
13:(5,false,1,false,118,31,2,1)
14:(5,false,1,true,118,31,2,1)
15:(5,false,2,false,118,31,2,1)
16:(6,false,1,false,149,33,1,1)
17:(6,false,1,true,149,33,1,1)
18:(6,false,2,false,149,33,1,1)
19:(6,true,2,false,149,33,1,1)
20:(7,false,1,false,163,26,0,2)
21:(7,false,1,false,182,34,0,1)
22:(7,false,1,true,182,34,0,1)
23:(7,false,2,false,163,26,0,2)
24:(7,false,2,false,182,34,0,1)
25:(7,true,2,false,182,34,0,1)
26:(8,false,1,false,189,26,0,2)
27:(8,false,1,false,198,27,0,2)
28:(8,false,2,false,189,26,0,2)
29:(8,false,2,false,198,27,0,2)
30:(8,true,2,false,216,34,0,1)
31:(9,false,1,false,215,26,0,2)
32:(9,false,1,false,225,27,0,2)
33:(9,false,1,false,228,27,0,2)
34:(9,false,2,false,215,26,0,2)
35:(9,false,2,false,225,27,0,2)
36:(9,false,2,false,228,27,0,2)
37:(10,false,1,false,241,26,0,2)
38:(10,false,1,false,252,27,0,2)
39:(10,false,1,false,255,27,0,2)
40:(10,false,1,false,261,29,0,2)
41:(10,false,1,true,255,27,0,2)
42:(10,false,1,true,261,29,0,2)
43:(10,false,2,false,241,26,0,2)
44:(10,false,2,false,252,27,0,2)
45:(10,false,2,false,255,27,0,2)
46:(10,false,2,false,261,29,0,2)
47:(11,false,1,false,267,26,0,2)
48:(11,false,1,false,279,27,0,2)
49:(11,false,1,false,282,27,0,2)
50:(11,false,1,false,290,29,0,2)
51:(11,false,1,false,292,31,0,2)
52:(11,false,1,true,279,27,0,2)
53:(11,false,1,true,282,27,0,2)
54:(11,false,1,true,290,29,0,2)
55:(11,false,1,true,292,31,0,2)
56:(11,false,2,false,267,26,0,2)
57:(11,false,2,false,279,27,0,2)
58:(11,false,2,false,282,27,0,2)
59:(11,false,2,false,290,29,0,2)
60:(11,false,2,false,292,31,0,2)
61:(12,false,1,false,293,26,0,2)
62:(12,false,1,false,306,27,0,2)
63:(12,false,1,false,309,27,0,2)
64:(12,false,1,false,319,29,0,2)
65:(12,false,1,false,323,31,0,2)
66:(12,false,1,false,328,33,0,2)
67:(12,false,1,true,293,26,0,2)
68:(12,false,1,true,306,27,0,2)
69:(12,false,1,true,309,27,0,2)
70:(12,false,1,true,319,29,0,2)
71:(12,false,1,true,323,31,0,2)
72:(12,false,1,true,328,33,0,2)
73:(12,false,2,false,293,26,0,2)
74:(12,false,2,false,306,27,0,2)
75:(12,false,2,false,309,27,0,2)
76:(12,false,2,false,319,29,0,2)
77:(12,false,2,false,323,31,0,2)
78:(12,false,2,false,328,33,0,2)
79:(12,true,2,false,293,26,0,2)
80:(13,false,1,false,319,26,0,2)
81:(13,false,1,false,333,27,0,2)
82:(13,false,1,false,336,27,0,2)
83:(13,false,1,false,348,29,0,2)
84:(13,false,1,false,354,31,0,2)
85:(13,false,1,false,361,33,0,2)
86:(13,false,1,true,319,26,0,2)
87:(13,false,1,true,333,27,0,2)
88:(13,false,1,true,336,27,0,2)
89:(13,false,1,true,348,29,0,2)
90:(13,false,1,true,354,31,0,2)
91:(13,false,1,true,361,33,0,2)
92:(13,false,2,false,319,26,0,2)
93:(13,false,2,false,333,27,0,2)
94:(13,false,2,false,336,27,0,2)
95:(13,false,2,false,348,29,0,2)
96:(13,false,2,false,354,31,0,2)
97:(13,false,2,false,361,33,0,2)
98:(14,false,1,false,345,26,0,2)
99:(14,false,1,false,360,27,0,2)
100:(14,false,1,false,363,27,0,2)
101:(14,false,1,false,377,29,0,2)
102:(14,false,1,false,385,31,0,2)
103:(14,false,1,false,394,33,0,2)
104:(14,false,1,true,345,26,0,2)
105:(14,false,1,true,360,27,0,2)
106:(14,false,1,true,363,27,0,2)
107:(14,false,1,true,377,29,0,2)
108:(14,false,1,true,385,31,0,2)
109:(14,false,1,true,394,33,0,2)
110:(14,false,2,false,345,26,0,2)
111:(14,false,2,false,360,27,0,2)
112:(14,false,2,false,363,27,0,2)
113:(14,false,2,false,377,29,0,2)
114:(14,false,2,false,385,31,0,2)
115:(14,false,2,false,394,33,0,2)
116:(15,false,1,false,371,26,0,2)
117:(15,false,1,false,387,27,0,2)
118:(15,false,1,false,390,27,0,2)
119:(15,false,1,false,406,29,0,2)
120:(15,false,1,false,416,31,0,2)
121:(15,false,1,false,427,33,0,2)
122:(15,false,1,true,371,26,0,2)
123:(15,false,1,true,387,27,0,2)
124:(15,false,1,true,390,27,0,2)
125:(15,false,1,true,406,29,0,2)
126:(15,false,1,true,416,31,0,2)
127:(15,false,1,true,427,33,0,2)
128:(15,false,2,false,371,26,0,2)
129:(15,false,2,false,387,27,0,2)
130:(15,false,2,false,390,27,0,2)
131:(15,false,2,false,406,29,0,2)
132:(15,false,2,false,416,31,0,2)
133:(15,false,2,false,427,33,0,2)
134:(16,false,1,false,397,26,0,2)
135:(16,false,1,false,414,27,0,2)
136:(16,false,1,false,417,27,0,2)
137:(16,false,1,false,422,28,0,1)
138:(16,false,1,false,423,29,0,1)
139:(16,false,1,false,435,29,0,2)
140:(16,false,1,false,447,31,0,2)
141:(16,false,1,false,460,33,0,2)
142:(16,false,1,true,397,26,0,2)
143:(16,false,1,true,414,27,0,2)
144:(16,false,1,true,417,27,0,2)
145:(16,false,1,true,435,29,0,2)
146:(16,false,1,true,447,31,0,2)
147:(16,false,1,true,460,33,0,2)
148:(16,false,2,false,397,26,0,2)
149:(16,false,2,false,414,27,0,2)
150:(16,false,2,false,417,27,0,2)
151:(16,false,2,false,422,28,0,1)
152:(16,false,2,false,423,29,0,1)
153:(16,false,2,false,435,29,0,2)
154:(16,false,2,false,447,31,0,2)
155:(16,false,2,false,460,33,0,2)
156:(17,false,1,false,423,26,0,2)
157:(17,false,1,false,438,27,0,1)
158:(17,false,1,false,440,28,0,1)
159:(17,false,1,false,441,27,0,2)
160:(17,false,1,false,441,29,0,1)
161:(17,false,1,false,444,27,0,2)
162:(17,false,1,false,444,31,0,1)
163:(17,false,1,false,450,28,0,1)
164:(17,false,1,false,452,29,0,1)
165:(17,false,1,false,464,29,0,2)
166:(17,false,1,false,478,31,0,2)
167:(17,false,1,false,493,33,0,2)
168:(17,false,1,true,423,26,0,2)
169:(17,false,1,true,441,27,0,2)
170:(17,false,1,true,444,27,0,2)
171:(17,false,1,true,464,29,0,2)
172:(17,false,1,true,478,31,0,2)
173:(17,false,1,true,493,33,0,2)
174:(17,false,2,false,423,26,0,2)
175:(17,false,2,false,438,27,0,1)
176:(17,false,2,false,440,28,0,1)
177:(17,false,2,false,441,27,0,2)
178:(17,false,2,false,441,29,0,1)
179:(17,false,2,false,444,27,0,2)
180:(17,false,2,false,444,31,0,1)
181:(17,false,2,false,450,28,0,1)
182:(17,false,2,false,452,29,0,1)
183:(17,false,2,false,464,29,0,2)
184:(17,false,2,false,478,31,0,2)
185:(17,false,2,false,493,33,0,2)
186:(18,false,1,false,449,26,0,2)
187:(18,false,1,false,456,27,0,1)
188:(18,false,1,false,457,27,0,1)
189:(18,false,1,false,458,27,0,1)
190:(18,false,1,false,460,29,0,1)
191:(18,false,1,false,463,31,0,1)
192:(18,false,1,false,465,27,0,1)
193:(18,false,1,false,466,33,0,1)
194:(18,false,1,false,468,27,0,2)
195:(18,false,1,false,468,28,0,1)
196:(18,false,1,false,470,29,0,1)
197:(18,false,1,false,471,27,0,2)
198:(18,false,1,false,475,31,0,1)
199:(18,false,1,false,478,28,0,1)
200:(18,false,1,false,481,29,0,1)
201:(18,false,1,false,493,29,0,2)
202:(18,false,1,true,449,26,0,2)
203:(18,false,1,true,468,27,0,2)
204:(18,false,1,true,471,27,0,2)
205:(18,false,1,true,493,29,0,2)
206:(18,false,2,false,449,26,0,2)
207:(18,false,2,false,456,27,0,1)
208:(18,false,2,false,457,27,0,1)
209:(18,false,2,false,458,27,0,1)
210:(18,false,2,false,460,29,0,1)
211:(18,false,2,false,463,31,0,1)
212:(18,false,2,false,465,27,0,1)
213:(18,false,2,false,466,33,0,1)
214:(18,false,2,false,468,27,0,2)
215:(18,false,2,false,468,28,0,1)
216:(18,false,2,false,470,29,0,1)
217:(18,false,2,false,471,27,0,2)
218:(18,false,2,false,475,31,0,1)
219:(18,false,2,false,478,28,0,1)
220:(18,false,2,false,481,29,0,1)
221:(18,false,2,false,493,29,0,2)
222:(18,false,2,false,500,31,0,2)
223:(18,false,2,false,500,33,0,2)
224:(19,false,1,false,473,27,0,1)
225:(19,false,1,false,475,26,0,2)
226:(19,false,1,false,475,27,0,1)
227:(19,false,1,false,476,27,0,1)
228:(19,false,1,false,478,29,0,1)
229:(19,false,1,false,483,27,0,1)
230:(19,false,1,false,484,27,0,1)
231:(19,false,1,false,484,31,0,1)
232:(19,false,1,false,485,27,0,1)
233:(19,false,1,false,489,29,0,1)
234:(19,false,1,false,492,27,0,1)
235:(19,false,1,false,494,31,0,1)
236:(19,false,1,false,494,33,0,1)
237:(19,false,1,false,495,27,0,2)
238:(19,false,1,false,496,28,0,1)
239:(19,false,1,false,498,27,0,2)
240:(19,false,1,false,499,29,0,1)
241:(19,false,1,false,499,33,0,1)
242:(19,false,1,true,475,26,0,2)
243:(19,false,1,true,495,27,0,2)
244:(19,false,1,true,498,27,0,2)
245:(19,false,2,false,473,27,0,1)
246:(19,false,2,false,475,26,0,2)
247:(19,false,2,false,475,27,0,1)
248:(19,false,2,false,476,27,0,1)
249:(19,false,2,false,478,29,0,1)
250:(19,false,2,false,483,27,0,1)
251:(19,false,2,false,484,27,0,1)
252:(19,false,2,false,484,31,0,1)
253:(19,false,2,false,485,27,0,1)
254:(19,false,2,false,489,29,0,1)
255:(19,false,2,false,492,27,0,1)
256:(19,false,2,false,494,31,0,1)
257:(19,false,2,false,494,33,0,1)
258:(19,false,2,false,495,27,0,2)
259:(19,false,2,false,496,28,0,1)
260:(19,false,2,false,498,27,0,2)
261:(19,false,2,false,499,29,0,1)
262:(19,false,2,false,499,33,0,1)
263:(19,false,2,false,500,28,0,1)
264:(19,false,2,false,500,29,0,1)
265:(19,false,2,false,500,29,0,2)
266:(19,false,2,false,500,31,0,1)
267:(20,false,1,false,491,27,0,1)
268:(20,false,1,false,493,28,0,1)
269:(20,false,1,false,494,27,0,1)
270:(20,false,2,false,491,27,0,1)
271:(20,false,2,false,493,28,0,1)
272:(20,false,2,false,494,27,0,1)
273:(20,false,2,false,500,26,0,2)
274:(20,false,2,false,500,27,0,1)
275:(20,false,2,false,500,27,0,2)
276:(20,false,2,false,500,28,0,1)
277:(20,false,2,false,500,29,0,1)
278:(20,false,2,false,500,31,0,1)
279:(20,false,2,false,500,33,0,1)
280:(21,false,2,false,500,27,0,1)
281:(21,false,2,false,500,28,0,1)
282:(21,false,2,false,500,29,0,1)
283:(21,false,2,false,500,31,0,1)
284:(21,false,2,false,500,33,0,1)
285:(22,false,2,false,500,27,0,1)
286:(22,false,2,false,500,29,0,1)
287:(22,false,2,false,500,31,0,1)
288:(22,false,2,false,500,33,0,1)
289:(23,false,2,false,500,27,0,1)
290:(23,false,2,false,500,29,0,1)
291:(23,false,2,false,500,31,0,1)
292:(23,false,2,false,500,33,0,1)
293:(24,false,2,false,500,27,0,1)
294:(24,false,2,false,500,29,0,1)
295:(25,false,2,false,500,27,0,1)
